[debug] [2025-04-22T09:03:11.924Z] ----------------------------------------------------------------------
[debug] [2025-04-22T09:03:11.926Z] Command:       C:\Program Files\nodejs\node.exe C:\cu\year_1_2\SE\ass\Firebase\fireBase\node_modules\firebase-tools\lib\bin\firebase.js init hosting
[debug] [2025-04-22T09:03:11.926Z] CLI Version:   14.2.0
[debug] [2025-04-22T09:03:11.926Z] Platform:      win32
[debug] [2025-04-22T09:03:11.926Z] Node Version:  v20.17.0
[debug] [2025-04-22T09:03:11.926Z] Time:          Tue Apr 22 2025 16:03:11 GMT+0700 (เวลาอินโดจีน)
[debug] [2025-04-22T09:03:11.927Z] ----------------------------------------------------------------------
[debug] 
[debug] [2025-04-22T09:03:12.108Z] > command requires scopes: ["email","openid","https://www.googleapis.com/auth/cloudplatformprojects.readonly","https://www.googleapis.com/auth/firebase","https://www.googleapis.com/auth/cloud-platform"]
[debug] [2025-04-22T09:03:12.109Z] > authorizing via signed-in user (6733044021@student.chula.ac.th)
[info] 
     ######## #### ########  ######## ########     ###     ######  ########
     ##        ##  ##     ## ##       ##     ##  ##   ##  ##       ##
     ######    ##  ########  ######   ########  #########  ######  ######
     ##        ##  ##    ##  ##       ##     ## ##     ##       ## ##
     ##       #### ##     ## ######## ########  ##     ##  ######  ########

You're about to initialize a Firebase project in this directory:

  C:\cu\year_1_2\SE\ass\Firebase\fireBase

Before we get started, keep in mind:

  * You are currently outside your home directory
  * You are initializing within an existing Firebase project directory

[info] 
=== Project Setup
[info] 
[info] First, let's associate this project directory with a Firebase project.
[info] You can create multiple project aliases by running firebase use --add, 
[info] but for now we'll just set up a default project.
[info] 
[debug] [2025-04-22T09:03:24.414Z] Using project from CLI flag: fireship-lessons
[debug] [2025-04-22T09:03:24.414Z] Checked if tokens are valid: true, expires at: 1745316107607
[debug] [2025-04-22T09:03:24.415Z] Checked if tokens are valid: true, expires at: 1745316107607
[debug] [2025-04-22T09:03:24.416Z] >>> [apiv2][query] GET https://firebase.googleapis.com/v1beta1/projects/fireship-lessons [none]
[debug] [2025-04-22T09:03:25.146Z] <<< [apiv2][status] GET https://firebase.googleapis.com/v1beta1/projects/fireship-lessons 403
[debug] [2025-04-22T09:03:25.146Z] <<< [apiv2][body] GET https://firebase.googleapis.com/v1beta1/projects/fireship-lessons {"error":{"code":403,"message":"The caller does not have permission","status":"PERMISSION_DENIED"}}
[debug] [2025-04-22T09:03:25.147Z] Request to https://firebase.googleapis.com/v1beta1/projects/fireship-lessons had HTTP Error: 403, The caller does not have permission
[debug] [2025-04-22T09:03:25.458Z] FirebaseError: Request to https://firebase.googleapis.com/v1beta1/projects/fireship-lessons had HTTP Error: 403, The caller does not have permission
    at responseToError (C:\cu\year_1_2\SE\ass\Firebase\fireBase\node_modules\firebase-tools\lib\responseToError.js:52:12)
    at RetryOperation._fn (C:\cu\year_1_2\SE\ass\Firebase\fireBase\node_modules\firebase-tools\lib\apiv2.js:312:77)
    at process.processTicksAndRejections (node:internal/process/task_queues:95:5)
[error] 
[error] Error: Failed to get Firebase project fireship-lessons. Please make sure the project exists and your account has permission to access it.
